<?xml version="1.0" encoding="UTF-8"?>
<!-- Generated by org.testng.reporters.JUnitReportReporter -->
<testsuite hostname="shilpa" failures="0" tests="4" name="testng.Draganddrop" time="1.455" errors="0" timestamp="2024-09-10T12:08:13 IST" skipped="0">
  <testcase classname="testng.Draganddrop" name="test2" time="0.352"/>
  <system-out/>
  <testcase classname="testng.Draganddrop" name="test1" time="0.362"/>
  <system-out/>
  <testcase classname="testng.Draganddrop" name="test3" time="0.353"/>
  <system-out/>
  <testcase classname="testng.Draganddrop" name="test" time="0.388"/>
  <system-out/>
</testsuite> <!-- testng.Draganddrop -->
