<?xml version="1.0" encoding="UTF-8"?>
<!-- Generated by org.testng.reporters.JUnitReportReporter -->
<testsuite hostname="shilpa" failures="0" tests="1" name="testng.Fileuploadusingrobotclas" time="3.198" errors="0" timestamp="2024-09-11T10:19:00 IST" skipped="0">
  <testcase classname="testng.Fileuploadusingrobotclas" name="test1" time="3.198"/>
  <system-out/>
</testsuite> <!-- testng.Fileuploadusingrobotclas -->
