<?xml version="1.0" encoding="UTF-8"?>
<!-- Generated by org.testng.reporters.JUnitReportReporter -->
<testsuite hostname="shilpa" failures="0" tests="1" name="testpkg.Fbtwo" time="3.237" errors="0" timestamp="2024-09-24T16:51:52 IST" skipped="0">
  <testcase classname="testpkg.Fbtwo" name="test" time="3.237"/>
  <system-out/>
</testsuite> <!-- testpkg.Fbtwo -->
