<?xml version="1.0" encoding="UTF-8"?>
<!-- Generated by org.testng.reporters.JUnitReportReporter -->
<testsuite hostname="shilpa" failures="0" tests="3" name="testng.Amazonewindowhndlr" time="14.619" errors="0" timestamp="2024-09-23T17:08:05 IST" skipped="0">
  <testcase classname="testng.Amazonewindowhndlr" name="title" time="0.082"/>
  <system-out/>
  <testcase classname="testng.Amazonewindowhndlr" name="phone" time="7.911"/>
  <system-out/>
  <testcase classname="testng.Amazonewindowhndlr" name="amzon" time="6.626"/>
  <system-out/>
</testsuite> <!-- testng.Amazonewindowhndlr -->
