<?xml version="1.0" encoding="UTF-8"?>
<!-- Generated by org.testng.reporters.JUnitReportReporter -->
<testsuite hostname="shilpa" failures="0" tests="3" name="testng.Demo" time="0.012" errors="0" timestamp="2024-09-10T12:07:46 IST" skipped="0">
  <testcase classname="testng.Demo" name="test2" time="0.007"/>
  <system-out/>
  <testcase classname="testng.Demo" name="test4" time="0.002"/>
  <system-out/>
  <testcase classname="testng.Demo" name="test3" time="0.003"/>
  <system-out/>
</testsuite> <!-- testng.Demo -->
