<?xml version="1.0" encoding="UTF-8"?>
<!-- Generated by org.testng.reporters.JUnitReportReporter -->
<testsuite hostname="shilpa" failures="0" tests="1" name="testng.Multiplewindowshandler" time="1.639" errors="0" timestamp="2024-09-23T16:13:19 IST" skipped="0">
  <testcase classname="testng.Multiplewindowshandler" name="handling" time="1.639"/>
  <system-out/>
</testsuite> <!-- testng.Multiplewindowshandler -->
