<?xml version="1.0" encoding="UTF-8"?>
<!-- Generated by org.testng.reporters.JUnitReportReporter -->
<testsuite hostname="shilpa" failures="0" tests="1" name="testng.Datepicker" time="0.569" errors="0" timestamp="2024-09-20T10:47:57 IST" skipped="0">
  <testcase classname="testng.Datepicker" name="datepick" time="0.569"/>
  <system-out/>
</testsuite> <!-- testng.Datepicker -->
