<?xml version="1.0" encoding="UTF-8"?>
<!-- Generated by org.testng.reporters.JUnitReportReporter -->
<testsuite hostname="shilpa" failures="0" tests="1" name="testng.Ebay" time="3.730" errors="0" timestamp="2024-09-09T16:08:31 IST" skipped="0">
  <testcase classname="testng.Ebay" name="setup" time="3.730"/>
  <system-out/>
</testsuite> <!-- testng.Ebay -->
