<?xml version="1.0" encoding="UTF-8"?>
<!-- Generated by org.testng.reporters.JUnitReportReporter -->
<testsuite hostname="shilpa" failures="0" tests="1" name="testng.Instadatadriven" time="1.211" errors="0" timestamp="2024-09-10T20:38:34 IST" skipped="0">
  <testcase classname="testng.Instadatadriven" name="test" time="1.211"/>
  <system-out/>
</testsuite> <!-- testng.Instadatadriven -->
