<?xml version="1.0" encoding="UTF-8"?>
<!-- Generated by org.testng.reporters.JUnitReportReporter -->
<testsuite hostname="shilpa" failures="0" tests="1" name="testng.Copypaste" time="0.635" errors="0" timestamp="2024-09-09T11:36:15 IST" skipped="0">
  <testcase classname="testng.Copypaste" name="cp" time="0.635"/>
  <system-out/>
</testsuite> <!-- testng.Copypaste -->
