<?xml version="1.0" encoding="UTF-8"?>
<!-- Generated by org.testng.reporters.JUnitReportReporter -->
<testsuite hostname="shilpa" failures="0" tests="1" name="testng.Checkavailbilty" time="0.041" errors="0" timestamp="2024-09-10T20:37:10 IST" skipped="0">
  <testcase classname="testng.Checkavailbilty" name="test" time="0.041"/>
  <system-out/>
</testsuite> <!-- testng.Checkavailbilty -->
