<?xml version="1.0" encoding="UTF-8"?>
<!-- Generated by org.testng.reporters.JUnitReportReporter -->
<testsuite hostname="shilpa" failures="0" tests="2" name="testng.Reddifff" time="0.079" errors="0" timestamp="2024-09-09T12:16:30 IST" skipped="0">
  <testcase classname="testng.Reddifff" name="radiobutton" time="0.039"/>
  <system-out/>
  <testcase classname="testng.Reddifff" name="test" time="0.040"/>
  <system-out/>
</testsuite> <!-- testng.Reddifff -->
