<?xml version="1.0" encoding="UTF-8"?>
<!-- Generated by org.testng.reporters.JUnitReportReporter -->
<testsuite hostname="shilpa" failures="0" tests="1" name="testpkg.Fblogintest" time="0.250" errors="0" timestamp="2024-09-24T16:26:25 IST" skipped="0">
  <testcase classname="testpkg.Fblogintest" name="test" time="0.250"/>
  <system-out/>
</testsuite> <!-- testpkg.Fblogintest -->
